<?xml version="1.0" encoding="UTF-8"?>
<!-- Generated by org.testng.reporters.JUnitXMLReporter -->
<testsuite hostname="BIJAN" ignored="0" name="ChromeTest" tests="4" failures="0" timestamp="2021-03-19T17:14:06 IST" time="54.75" errors="0">
  <testcase name="createNewProduct" time="17.098" classname="com.vtiger.testScripts.ProductTest"/>
  <testcase name="createNewContact" time="17.345" classname="com.vtiger.testScripts.ContactTest"/>
  <testcase name="deleteFirstContact" time="15.402" classname="com.vtiger.testScripts.ContactTest"/>
  <testcase name="deleteFirstProduct" time="16.619" classname="com.vtiger.testScripts.ProductTest"/>
</testsuite> <!-- ChromeTest -->
