<?xml version="1.0" encoding="UTF-8"?>
<!-- Generated by org.testng.reporters.JUnitXMLReporter -->
<testsuite hostname="BIJAN" ignored="0" name="Test1" tests="4" failures="0" timestamp="2021-03-16T02:01:56 IST" time="118.377" errors="0">
  <testcase name="createNewContact" time="21.222" classname="com.vtiger.testScripts.ContactTest"/>
  <testcase name="deleteFirstContact" time="18.455" classname="com.vtiger.testScripts.ContactTest"/>
  <testcase name="createNewProduct" time="15.255" classname="com.vtiger.testScripts.ProductTest"/>
  <testcase name="deleteFirstProduct" time="17.041" classname="com.vtiger.testScripts.ProductTest"/>
</testsuite> <!-- Test1 -->
